<?xml version="1.0" encoding="UTF-8"?>
<!-- Generated by org.testng.reporters.JUnitReportReporter -->
<testsuite hostname="TTNPL-3903" failures="0" tests="1" name="API_Automation_Basics.Get_API_Specific_Response_Validation" time="2.902" errors="0" timestamp="2025-04-09T06:29:41 IST" skipped="0">
  <testcase classname="API_Automation_Basics.Get_API_Specific_Response_Validation" name="Validate_Specific_Data_In_Response" time="2.902"/>
  <system-out/>
</testsuite> <!-- API_Automation_Basics.Get_API_Specific_Response_Validation -->
