<?xml version="1.0" encoding="UTF-8"?>
<!-- Generated by org.testng.reporters.JUnitReportReporter -->
<testsuite hostname="TTNPL-3903" failures="0" tests="1" name="API_Automation_Basics.GET_API" time="2.402" errors="0" timestamp="2024-10-12T17:53:31 IST" skipped="0">
  <testcase classname="API_Automation_Basics.GET_API" name="get_API" time="2.402"/>
  <system-out/>
</testsuite> <!-- API_Automation_Basics.GET_API -->
