<?xml version="1.0" encoding="UTF-8"?>
<!-- Generated by org.testng.reporters.JUnitReportReporter -->
<testsuite hostname="TTNPL-3903" failures="0" tests="1" name="API_Automation_Basics.Put_API_Demo" time="1.624" errors="0" timestamp="2024-10-20T16:55:48 IST" skipped="0">
  <testcase classname="API_Automation_Basics.Put_API_Demo" name="PUT_HTTP_Request" time="1.624"/>
  <system-out/>
</testsuite> <!-- API_Automation_Basics.Put_API_Demo -->
