<?xml version="1.0" encoding="UTF-8"?>
<!-- Generated by org.testng.reporters.JUnitReportReporter -->
<testsuite hostname="TTNPL-3903" failures="0" tests="1" name="AuthDemo.BasicAuth" time="2.467" errors="0" timestamp="2024-12-22T14:30:32 IST" skipped="0">
  <testcase classname="AuthDemo.BasicAuth" name="DigestAuth" time="2.467"/>
  <system-out/>
</testsuite> <!-- AuthDemo.BasicAuth -->
