<?xml version="1.0" encoding="UTF-8"?>
<!-- Generated by org.testng.reporters.JUnitReportReporter -->
<testsuite hostname="TTNPL-3903" failures="0" tests="1" name="POJO_Nested_JSON.NestedJSON_Payload" time="4.769" errors="0" timestamp="2024-12-09T18:17:18 IST" skipped="0">
  <testcase classname="POJO_Nested_JSON.NestedJSON_Payload" name="Create_User" time="4.769"/>
  <system-out/>
</testsuite> <!-- POJO_Nested_JSON.NestedJSON_Payload -->
