<?xml version="1.0" encoding="UTF-8"?>
<!-- Generated by org.testng.reporters.JUnitReportReporter -->
<testsuite hostname="TTNPL-3903" failures="0" tests="1" name="POJO_MultipleJSON_Objects.JSON_Array_POJOClass" time="1.917" errors="0" timestamp="2024-12-07T16:14:05 IST" skipped="0">
  <testcase classname="POJO_MultipleJSON_Objects.JSON_Array_POJOClass" name="createEmployeeJSON_Array" time="1.917"/>
  <system-out/>
</testsuite> <!-- POJO_MultipleJSON_Objects.JSON_Array_POJOClass -->
