<?xml version="1.0" encoding="UTF-8"?>
<!-- Generated by org.testng.reporters.JUnitReportReporter -->
<testsuite hostname="TTNPL-3903" failures="0" tests="1" name="API_Automation_Basics.GET_API_ResponseCodeValidation" time="3.380" errors="0" timestamp="2025-03-25T10:06:13 IST" skipped="0">
  <testcase classname="API_Automation_Basics.GET_API_ResponseCodeValidation" name="get_API_ResponseCodeValidation" time="3.380"/>
  <system-out/>
</testsuite> <!-- API_Automation_Basics.GET_API_ResponseCodeValidation -->
