<?xml version="1.0" encoding="UTF-8"?>
<!-- Generated by org.testng.reporters.JUnitReportReporter -->
<testsuite hostname="TTNPL-3903" failures="0" tests="1" name="API_Automation_Basics.Path_Parameters" time="1.135" errors="0" timestamp="2024-10-13T16:12:36 IST" skipped="0">
  <testcase classname="API_Automation_Basics.Path_Parameters" name="path_ParametersDemo1" time="1.135"/>
  <system-out/>
</testsuite> <!-- API_Automation_Basics.Path_Parameters -->
