<?xml version="1.0" encoding="UTF-8"?>
<!-- Generated by org.testng.reporters.JUnitReportReporter -->
<testsuite hostname="TTNPL-3903" failures="0" tests="1" name="API_Automation_Basics.Post_API_With_Complex_Payload" time="1.469" errors="0" timestamp="2024-10-13T18:18:13 IST" skipped="0">
  <testcase classname="API_Automation_Basics.Post_API_With_Complex_Payload" name="PostCall" time="1.469"/>
  <system-out/>
</testsuite> <!-- API_Automation_Basics.Post_API_With_Complex_Payload -->
