<?xml version="1.0" encoding="UTF-8"?>
<!-- Generated by org.testng.reporters.JUnitReportReporter -->
<testsuite hostname="TTNPL-3903" failures="0" tests="1" name="API_Automation_Basics.JSON_Schema_Validation" time="2.480" errors="0" timestamp="2024-10-15T22:53:47 IST" skipped="0">
  <testcase classname="API_Automation_Basics.JSON_Schema_Validation" name="Verify_JSON_Schema" time="2.480"/>
  <system-out/>
</testsuite> <!-- API_Automation_Basics.JSON_Schema_Validation -->
