<?xml version="1.0" encoding="UTF-8"?>
<!-- Generated by org.testng.reporters.JUnitReportReporter -->
<testsuite hostname="TTNPL-3903" failures="0" tests="1" name="POJO_Demo.SerilizationAndDeSerilization" time="1.604" errors="0" timestamp="2024-12-07T15:00:23 IST" skipped="0">
  <testcase classname="POJO_Demo.SerilizationAndDeSerilization" name="Create_JSONObject_From_Employee_Class_Object" time="1.604"/>
  <system-out/>
</testsuite> <!-- POJO_Demo.SerilizationAndDeSerilization -->
