<?xml version="1.0" encoding="UTF-8"?>
<!-- Generated by org.testng.reporters.JUnitReportReporter -->
<testsuite hostname="TTNPL-3903" failures="0" tests="1" name="AuthDemo.BearerTokenAuth" time="3.211" errors="0" timestamp="2024-12-22T15:13:34 IST" skipped="0">
  <testcase classname="AuthDemo.BearerTokenAuth" name="BearerAuth_Demo" time="3.211"/>
  <system-out/>
</testsuite> <!-- AuthDemo.BearerTokenAuth -->
