<?xml version="1.0" encoding="UTF-8"?>
<!-- Generated by org.testng.reporters.JUnitReportReporter -->
<testsuite hostname="TTNPL-3903" failures="0" tests="1" name="API_Automation_Basics.Post_API_With_ExternalPayload" time="2.288" errors="0" timestamp="2024-10-15T09:13:27 IST" skipped="0">
  <testcase classname="API_Automation_Basics.Post_API_With_ExternalPayload" name="Demo1" time="2.288"/>
  <system-out/>
</testsuite> <!-- API_Automation_Basics.Post_API_With_ExternalPayload -->
