<?xml version="1.0" encoding="UTF-8"?>
<!-- Generated by org.testng.reporters.JUnitReportReporter -->
<testsuite hostname="TTNPL-3903" failures="0" tests="1" name="AuthDemo.API_Key_Authentication" time="2.665" errors="0" timestamp="2024-12-22T15:42:29 IST" skipped="0">
  <testcase classname="AuthDemo.API_Key_Authentication" name="KeyBased_Authentication" time="2.665"/>
  <system-out/>
</testsuite> <!-- AuthDemo.API_Key_Authentication -->
