<?xml version="1.0" encoding="UTF-8"?>
<!-- Generated by org.testng.reporters.JUnitReportReporter -->
<testsuite hostname="TTNPL-3903" failures="0" tests="1" name="New.verifyNotNull" time="2.780" errors="0" timestamp="2025-03-25T15:13:53 IST" skipped="0">
  <testcase classname="New.verifyNotNull" name="verify_not_Null_inResponse" time="2.780"/>
  <system-out/>
</testsuite> <!-- New.verifyNotNull -->
