<?xml version="1.0" encoding="UTF-8"?>
<!-- Generated by org.testng.reporters.JUnitReportReporter -->
<testsuite hostname="TTNPL-3903" failures="0" tests="1" name="New.JSONSchemaValidatorGETCall" time="3.253" errors="0" timestamp="2025-04-05T16:41:20 IST" skipped="0">
  <testcase classname="New.JSONSchemaValidatorGETCall" name="validateResponseSehema" time="3.253"/>
  <system-out/>
</testsuite> <!-- New.JSONSchemaValidatorGETCall -->
