<?xml version="1.0" encoding="UTF-8"?>
<!-- Generated by org.testng.reporters.JUnitReportReporter -->
<testsuite hostname="TTNPL-3903" failures="0" tests="1" name="New.ValidateResponseHeader" time="2.590" errors="0" timestamp="2025-04-09T06:20:16 IST" skipped="0">
  <testcase classname="New.ValidateResponseHeader" name="validateAllheaders" time="2.590"/>
  <system-out/>
</testsuite> <!-- New.ValidateResponseHeader -->
