<?xml version="1.0" encoding="UTF-8"?>
<!-- Generated by org.testng.reporters.JUnitReportReporter -->
<testsuite hostname="TTNPL-3903" failures="0" tests="1" name="API_Automation_Basics.GET_API_with_Parameters" time="1.557" errors="0" timestamp="2024-10-13T15:30:07 IST" skipped="0">
  <testcase classname="API_Automation_Basics.GET_API_with_Parameters" name="query_ParametersDemo2" time="1.557"/>
  <system-out/>
</testsuite> <!-- API_Automation_Basics.GET_API_with_Parameters -->
