<?xml version="1.0" encoding="UTF-8"?>
<!-- Generated by org.testng.reporters.JUnitReportReporter -->
<testsuite hostname="TTNPL-3903" failures="0" tests="2" name="AuthDemo.OAuth2" time="2.172" errors="0" timestamp="2024-12-22T16:29:38 IST" skipped="0">
  <testcase classname="AuthDemo.OAuth2" name="getOAuth_token" time="1.655"/>
  <system-out/>
  <testcase classname="AuthDemo.OAuth2" name="POST_Call_throught_Token" time="0.517"/>
  <system-out/>
</testsuite> <!-- AuthDemo.OAuth2 -->
